<?xml version="1.0" encoding="UTF-8"?>
<!-- Generated by org.testng.reporters.JUnitReportReporter -->
<testsuite hostname="WKWIN0733977" name="test.MoviesTestCases" tests="5" failures="0" timestamp="15 Jun 2020 18:08:43 GMT" time="2.699" errors="0">
  <testcase name="responseValidation" time="0.031" classname="test.MoviesTestCases"/>
  <testcase name="posterFormat" time="0.359" classname="test.MoviesTestCases"/>
  <testcase name="releaseDate" time="0.784" classname="test.MoviesTestCases"/>
  <testcase name="validateMoviecode" time="0.312" classname="test.MoviesTestCases"/>
  <testcase name="writeMoviestoexcel" time="1.213" classname="test.MoviesTestCases"/>
</testsuite> <!-- test.MoviesTestCases -->
