<?xml version="1.0" encoding="UTF-8"?>
<!-- Generated by org.testng.reporters.JUnitReportReporter -->
<testsuite hostname="WKWIN0733977" name="test.MoviesTestCases" tests="5" failures="0" timestamp="14 Jun 2020 18:29:54 GMT" time="4.018" errors="0">
  <testcase name="validateMoviecode" time="0.544" classname="test.MoviesTestCases"/>
  <testcase name="posterFormat" time="0.653" classname="test.MoviesTestCases"/>
  <testcase name="responseValidation" time="0.031" classname="test.MoviesTestCases"/>
  <testcase name="releaseDate" time="1.531" classname="test.MoviesTestCases"/>
  <testcase name="writeMoviestoexcel" time="1.259" classname="test.MoviesTestCases"/>
</testsuite> <!-- test.MoviesTestCases -->
